{"C:\\Users\\Reshy\\Desktop\\git\\Capstone-Javascript-APIs\\src\\comment.js": {"path":"C:\\Users\\Reshy\\Desktop\\git\\Capstone-Javascript-APIs\\src\\comment.js","statementMap":{"0":{"start":{"line":5,"column":18},"end":{"line":5,"column":50}},"1":{"start":{"line":6,"column":18},"end":{"line":6,"column":47}},"2":{"start":{"line":7,"column":14},"end":{"line":7,"column":43}},"3":{"start":{"line":8,"column":15},"end":{"line":8,"column":43}},"4":{"start":{"line":9,"column":2},"end":{"line":9,"column":49}},"5":{"start":{"line":10,"column":2},"end":{"line":10,"column":33}},"6":{"start":{"line":12,"column":18},"end":{"line":17,"column":13}},"7":{"start":{"line":18,"column":2},"end":{"line":20,"column":13}},"8":{"start":{"line":21,"column":2},"end":{"line":21,"column":31}},"9":{"start":{"line":23,"column":14},"end":{"line":23,"column":43}},"10":{"start":{"line":24,"column":14},"end":{"line":51,"column":13}},"11":{"start":{"line":52,"column":2},"end":{"line":52,"column":22}},"12":{"start":{"line":53,"column":2},"end":{"line":53,"column":31}},"13":{"start":{"line":54,"column":2},"end":{"line":54,"column":37}},"14":{"start":{"line":55,"column":2},"end":{"line":55,"column":27}}},"fnMap":{"0":{"name":"(anonymous_0)","decl":{"start":{"line":3,"column":15},"end":{"line":3,"column":16}},"loc":{"start":{"line":3,"column":33},"end":{"line":56,"column":1}},"line":3}},"branchMap":{},"s":{"0":0,"1":0,"2":0,"3":0,"4":0,"5":0,"6":0,"7":0,"8":0,"9":0,"10":0,"11":0,"12":0,"13":0,"14":0},"f":{"0":0},"b":{},"_coverageSchema":"1a1c01bbd47fc00a2c39e90264f33305004495a9","hash":"20f6950e270be1881dfb20369c6087caddd957c2"}
,"C:\\Users\\Reshy\\Desktop\\git\\Capstone-Javascript-APIs\\src\\getData.js": {"path":"C:\\Users\\Reshy\\Desktop\\git\\Capstone-Javascript-APIs\\src\\getData.js","statementMap":{"0":{"start":{"line":2,"column":18},"end":{"line":2,"column":75}},"1":{"start":{"line":3,"column":17},"end":{"line":3,"column":37}},"2":{"start":{"line":4,"column":2},"end":{"line":4,"column":16}}},"fnMap":{"0":{"name":"(anonymous_0)","decl":{"start":{"line":1,"column":15},"end":{"line":1,"column":16}},"loc":{"start":{"line":1,"column":27},"end":{"line":5,"column":1}},"line":1}},"branchMap":{},"s":{"0":1,"1":1,"2":1},"f":{"0":1},"b":{},"_coverageSchema":"1a1c01bbd47fc00a2c39e90264f33305004495a9","hash":"6a3c004cc3b81218fcd952b0941a1d6faf718b7d"}
,"C:\\Users\\Reshy\\Desktop\\git\\Capstone-Javascript-APIs\\src\\getReservations.js": {"path":"C:\\Users\\Reshy\\Desktop\\git\\Capstone-Javascript-APIs\\src\\getReservations.js","statementMap":{"0":{"start":{"line":1,"column":24},"end":{"line":5,"column":1}},"1":{"start":{"line":2,"column":18},"end":{"line":2,"column":156}},"2":{"start":{"line":3,"column":17},"end":{"line":3,"column":37}},"3":{"start":{"line":4,"column":2},"end":{"line":4,"column":16}}},"fnMap":{"0":{"name":"(anonymous_0)","decl":{"start":{"line":1,"column":24},"end":{"line":1,"column":25}},"loc":{"start":{"line":1,"column":42},"end":{"line":5,"column":1}},"line":1}},"branchMap":{},"s":{"0":1,"1":0,"2":0,"3":0},"f":{"0":0},"b":{},"_coverageSchema":"1a1c01bbd47fc00a2c39e90264f33305004495a9","hash":"b66abb9c0a5717f696a4f02a51a8ba4ef8dac56e"}
,"C:\\Users\\Reshy\\Desktop\\git\\Capstone-Javascript-APIs\\src\\images.js": {"path":"C:\\Users\\Reshy\\Desktop\\git\\Capstone-Javascript-APIs\\src\\images.js","statementMap":{"0":{"start":{"line":3,"column":2},"end":{"line":20,"column":3}},"1":{"start":{"line":5,"column":6},"end":{"line":5,"column":75}},"2":{"start":{"line":7,"column":6},"end":{"line":7,"column":78}},"3":{"start":{"line":9,"column":6},"end":{"line":9,"column":76}},"4":{"start":{"line":11,"column":6},"end":{"line":11,"column":78}},"5":{"start":{"line":13,"column":6},"end":{"line":13,"column":78}},"6":{"start":{"line":15,"column":6},"end":{"line":15,"column":76}},"7":{"start":{"line":17,"column":6},"end":{"line":17,"column":75}},"8":{"start":{"line":19,"column":6},"end":{"line":19,"column":31}}},"fnMap":{"0":{"name":"(anonymous_0)","decl":{"start":{"line":2,"column":15},"end":{"line":2,"column":16}},"loc":{"start":{"line":2,"column":25},"end":{"line":21,"column":1}},"line":2}},"branchMap":{"0":{"loc":{"start":{"line":3,"column":2},"end":{"line":20,"column":3}},"type":"switch","locations":[{"start":{"line":4,"column":4},"end":{"line":5,"column":75}},{"start":{"line":6,"column":4},"end":{"line":7,"column":78}},{"start":{"line":8,"column":4},"end":{"line":9,"column":76}},{"start":{"line":10,"column":4},"end":{"line":11,"column":78}},{"start":{"line":12,"column":4},"end":{"line":13,"column":78}},{"start":{"line":14,"column":4},"end":{"line":15,"column":76}},{"start":{"line":16,"column":4},"end":{"line":17,"column":75}},{"start":{"line":18,"column":4},"end":{"line":19,"column":31}}],"line":3}},"s":{"0":0,"1":0,"2":0,"3":0,"4":0,"5":0,"6":0,"7":0,"8":0},"f":{"0":0},"b":{"0":[0,0,0,0,0,0,0,0]},"_coverageSchema":"1a1c01bbd47fc00a2c39e90264f33305004495a9","hash":"cf67cf4fe145cf7c41a37ad5e98237577850f034"}
,"C:\\Users\\Reshy\\Desktop\\git\\Capstone-Javascript-APIs\\src\\likes.js": {"path":"C:\\Users\\Reshy\\Desktop\\git\\Capstone-Javascript-APIs\\src\\likes.js","statementMap":{"0":{"start":{"line":2,"column":18},"end":{"line":2,"column":132}},"1":{"start":{"line":3,"column":17},"end":{"line":3,"column":37}},"2":{"start":{"line":4,"column":2},"end":{"line":4,"column":16}}},"fnMap":{"0":{"name":"(anonymous_0)","decl":{"start":{"line":1,"column":15},"end":{"line":1,"column":16}},"loc":{"start":{"line":1,"column":27},"end":{"line":5,"column":1}},"line":1}},"branchMap":{},"s":{"0":1,"1":1,"2":1},"f":{"0":1},"b":{},"_coverageSchema":"1a1c01bbd47fc00a2c39e90264f33305004495a9","hash":"c8f0d8473dfb7de2871328e0d910410442769ede"}
,"C:\\Users\\Reshy\\Desktop\\git\\Capstone-Javascript-APIs\\src\\populate.js": {"path":"C:\\Users\\Reshy\\Desktop\\git\\Capstone-Javascript-APIs\\src\\populate.js","statementMap":{"0":{"start":{"line":9,"column":16},"end":{"line":9,"column":53}},"1":{"start":{"line":10,"column":17},"end":{"line":10,"column":56}},"2":{"start":{"line":11,"column":2},"end":{"line":11,"column":24}},"3":{"start":{"line":12,"column":18},"end":{"line":12,"column":31}},"4":{"start":{"line":13,"column":2},"end":{"line":88,"column":5}},"5":{"start":{"line":14,"column":15},"end":{"line":14,"column":43}},"6":{"start":{"line":15,"column":4},"end":{"line":15,"column":29}},"7":{"start":{"line":16,"column":4},"end":{"line":16,"column":70}},"8":{"start":{"line":17,"column":16},"end":{"line":17,"column":45}},"9":{"start":{"line":18,"column":22},"end":{"line":18,"column":54}},"10":{"start":{"line":19,"column":22},"end":{"line":19,"column":54}},"11":{"start":{"line":20,"column":20},"end":{"line":20,"column":52}},"12":{"start":{"line":21,"column":4},"end":{"line":21,"column":35}},"13":{"start":{"line":22,"column":4},"end":{"line":25,"column":7}},"14":{"start":{"line":23,"column":6},"end":{"line":23,"column":35}},"15":{"start":{"line":24,"column":6},"end":{"line":24,"column":29}},"16":{"start":{"line":26,"column":4},"end":{"line":26,"column":39}},"17":{"start":{"line":27,"column":18},"end":{"line":27,"column":49}},"18":{"start":{"line":28,"column":4},"end":{"line":28,"column":23}},"19":{"start":{"line":29,"column":4},"end":{"line":29,"column":53}},"20":{"start":{"line":30,"column":4},"end":{"line":53,"column":7}},"21":{"start":{"line":31,"column":18},"end":{"line":31,"column":51}},"22":{"start":{"line":32,"column":6},"end":{"line":32,"column":49}},"23":{"start":{"line":33,"column":6},"end":{"line":33,"column":30}},"24":{"start":{"line":34,"column":6},"end":{"line":34,"column":42}},"25":{"start":{"line":35,"column":6},"end":{"line":35,"column":41}},"26":{"start":{"line":36,"column":6},"end":{"line":38,"column":14}},"27":{"start":{"line":37,"column":8},"end":{"line":37,"column":34}},"28":{"start":{"line":39,"column":6},"end":{"line":41,"column":14}},"29":{"start":{"line":40,"column":8},"end":{"line":40,"column":36}},"30":{"start":{"line":42,"column":6},"end":{"line":44,"column":14}},"31":{"start":{"line":43,"column":8},"end":{"line":43,"column":36}},"32":{"start":{"line":45,"column":6},"end":{"line":45,"column":37}},"33":{"start":{"line":46,"column":6},"end":{"line":48,"column":15}},"34":{"start":{"line":47,"column":8},"end":{"line":47,"column":75}},"35":{"start":{"line":49,"column":6},"end":{"line":49,"column":30}},"36":{"start":{"line":50,"column":21},"end":{"line":50,"column":53}},"37":{"start":{"line":51,"column":18},"end":{"line":51,"column":55}},"38":{"start":{"line":52,"column":6},"end":{"line":52,"column":74}},"39":{"start":{"line":54,"column":4},"end":{"line":58,"column":7}},"40":{"start":{"line":55,"column":21},"end":{"line":55,"column":53}},"41":{"start":{"line":56,"column":18},"end":{"line":56,"column":55}},"42":{"start":{"line":57,"column":6},"end":{"line":57,"column":62}},"43":{"start":{"line":59,"column":4},"end":{"line":63,"column":7}},"44":{"start":{"line":60,"column":21},"end":{"line":60,"column":53}},"45":{"start":{"line":61,"column":18},"end":{"line":61,"column":55}},"46":{"start":{"line":62,"column":6},"end":{"line":62,"column":62}},"47":{"start":{"line":65,"column":4},"end":{"line":69,"column":7}},"48":{"start":{"line":66,"column":6},"end":{"line":68,"column":7}},"49":{"start":{"line":67,"column":8},"end":{"line":67,"column":68}},"50":{"start":{"line":71,"column":4},"end":{"line":71,"column":56}},"51":{"start":{"line":72,"column":4},"end":{"line":74,"column":7}},"52":{"start":{"line":75,"column":4},"end":{"line":75,"column":37}},"53":{"start":{"line":76,"column":24},"end":{"line":76,"column":56}},"54":{"start":{"line":77,"column":4},"end":{"line":77,"column":39}},"55":{"start":{"line":78,"column":4},"end":{"line":81,"column":7}},"56":{"start":{"line":79,"column":6},"end":{"line":79,"column":47}},"57":{"start":{"line":80,"column":6},"end":{"line":80,"column":33}},"58":{"start":{"line":82,"column":4},"end":{"line":82,"column":41}},"59":{"start":{"line":83,"column":4},"end":{"line":83,"column":19}},"60":{"start":{"line":84,"column":4},"end":{"line":84,"column":21}},"61":{"start":{"line":85,"column":4},"end":{"line":85,"column":25}},"62":{"start":{"line":86,"column":4},"end":{"line":86,"column":25}},"63":{"start":{"line":87,"column":4},"end":{"line":87,"column":27}},"64":{"start":{"line":89,"column":2},"end":{"line":89,"column":23}},"65":{"start":{"line":90,"column":2},"end":{"line":90,"column":62}},"66":{"start":{"line":91,"column":13},"end":{"line":91,"column":25}},"67":{"start":{"line":92,"column":2},"end":{"line":92,"column":14}}},"fnMap":{"0":{"name":"(anonymous_0)","decl":{"start":{"line":8,"column":15},"end":{"line":8,"column":16}},"loc":{"start":{"line":8,"column":36},"end":{"line":93,"column":1}},"line":8},"1":{"name":"(anonymous_1)","decl":{"start":{"line":13,"column":16},"end":{"line":13,"column":17}},"loc":{"start":{"line":13,"column":29},"end":{"line":88,"column":3}},"line":13},"2":{"name":"(anonymous_2)","decl":{"start":{"line":22,"column":40},"end":{"line":22,"column":41}},"loc":{"start":{"line":22,"column":46},"end":{"line":25,"column":5}},"line":22},"3":{"name":"(anonymous_3)","decl":{"start":{"line":30,"column":36},"end":{"line":30,"column":37}},"loc":{"start":{"line":30,"column":48},"end":{"line":53,"column":5}},"line":30},"4":{"name":"(anonymous_4)","decl":{"start":{"line":36,"column":17},"end":{"line":36,"column":18}},"loc":{"start":{"line":36,"column":23},"end":{"line":38,"column":7}},"line":36},"5":{"name":"(anonymous_5)","decl":{"start":{"line":39,"column":17},"end":{"line":39,"column":18}},"loc":{"start":{"line":39,"column":23},"end":{"line":41,"column":7}},"line":39},"6":{"name":"(anonymous_6)","decl":{"start":{"line":42,"column":17},"end":{"line":42,"column":18}},"loc":{"start":{"line":42,"column":23},"end":{"line":44,"column":7}},"line":42},"7":{"name":"(anonymous_7)","decl":{"start":{"line":46,"column":17},"end":{"line":46,"column":18}},"loc":{"start":{"line":46,"column":23},"end":{"line":48,"column":7}},"line":46},"8":{"name":"(anonymous_8)","decl":{"start":{"line":54,"column":39},"end":{"line":54,"column":40}},"loc":{"start":{"line":54,"column":45},"end":{"line":58,"column":5}},"line":54},"9":{"name":"(anonymous_9)","decl":{"start":{"line":59,"column":40},"end":{"line":59,"column":41}},"loc":{"start":{"line":59,"column":46},"end":{"line":63,"column":5}},"line":59},"10":{"name":"(anonymous_10)","decl":{"start":{"line":65,"column":20},"end":{"line":65,"column":21}},"loc":{"start":{"line":65,"column":28},"end":{"line":69,"column":5}},"line":65},"11":{"name":"(anonymous_11)","decl":{"start":{"line":72,"column":40},"end":{"line":72,"column":41}},"loc":{"start":{"line":72,"column":46},"end":{"line":74,"column":5}},"line":72},"12":{"name":"(anonymous_12)","decl":{"start":{"line":78,"column":40},"end":{"line":78,"column":41}},"loc":{"start":{"line":78,"column":46},"end":{"line":81,"column":5}},"line":78}},"branchMap":{"0":{"loc":{"start":{"line":66,"column":6},"end":{"line":68,"column":7}},"type":"if","locations":[{"start":{"line":66,"column":6},"end":{"line":68,"column":7}},{"start":{"line":66,"column":6},"end":{"line":68,"column":7}}],"line":66}},"s":{"0":1,"1":1,"2":1,"3":1,"4":1,"5":1,"6":1,"7":1,"8":1,"9":1,"10":1,"11":1,"12":1,"13":0,"14":0,"15":0,"16":0,"17":0,"18":0,"19":0,"20":0,"21":0,"22":0,"23":0,"24":0,"25":0,"26":0,"27":0,"28":0,"29":0,"30":0,"31":0,"32":0,"33":0,"34":0,"35":0,"36":0,"37":0,"38":0,"39":0,"40":0,"41":0,"42":0,"43":0,"44":0,"45":0,"46":0,"47":0,"48":0,"49":0,"50":0,"51":0,"52":0,"53":0,"54":0,"55":0,"56":0,"57":0,"58":0,"59":0,"60":0,"61":0,"62":0,"63":0,"64":0,"65":0,"66":0,"67":0},"f":{"0":1,"1":1,"2":0,"3":0,"4":0,"5":0,"6":0,"7":0,"8":0,"9":0,"10":0,"11":0,"12":0},"b":{"0":[0,0]},"_coverageSchema":"1a1c01bbd47fc00a2c39e90264f33305004495a9","hash":"951262d75e451cf99830f1237934af176ede4f50"}
,"C:\\Users\\Reshy\\Desktop\\git\\Capstone-Javascript-APIs\\src\\reservationsPopup.js": {"path":"C:\\Users\\Reshy\\Desktop\\git\\Capstone-Javascript-APIs\\src\\reservationsPopup.js","statementMap":{"0":{"start":{"line":4,"column":26},"end":{"line":32,"column":1}},"1":{"start":{"line":5,"column":22},"end":{"line":5,"column":54}},"2":{"start":{"line":6,"column":2},"end":{"line":6,"column":34}},"3":{"start":{"line":7,"column":22},"end":{"line":7,"column":51}},"4":{"start":{"line":8,"column":2},"end":{"line":8,"column":40}},"5":{"start":{"line":9,"column":14},"end":{"line":9,"column":43}},"6":{"start":{"line":10,"column":15},"end":{"line":10,"column":43}},"7":{"start":{"line":11,"column":2},"end":{"line":11,"column":49}},"8":{"start":{"line":12,"column":2},"end":{"line":12,"column":33}},"9":{"start":{"line":13,"column":16},"end":{"line":13,"column":45}},"10":{"start":{"line":14,"column":2},"end":{"line":14,"column":28}},"11":{"start":{"line":15,"column":20},"end":{"line":15,"column":47}},"12":{"start":{"line":16,"column":20},"end":{"line":16,"column":47}},"13":{"start":{"line":17,"column":20},"end":{"line":17,"column":47}},"14":{"start":{"line":18,"column":19},"end":{"line":18,"column":46}},"15":{"start":{"line":19,"column":2},"end":{"line":19,"column":58}},"16":{"start":{"line":20,"column":2},"end":{"line":20,"column":58}},"17":{"start":{"line":21,"column":2},"end":{"line":21,"column":58}},"18":{"start":{"line":22,"column":2},"end":{"line":22,"column":56}},"19":{"start":{"line":23,"column":2},"end":{"line":26,"column":23}},"20":{"start":{"line":27,"column":2},"end":{"line":29,"column":20}},"21":{"start":{"line":30,"column":2},"end":{"line":30,"column":36}},"22":{"start":{"line":31,"column":2},"end":{"line":31,"column":39}}},"fnMap":{"0":{"name":"(anonymous_0)","decl":{"start":{"line":4,"column":26},"end":{"line":4,"column":27}},"loc":{"start":{"line":4,"column":48},"end":{"line":32,"column":1}},"line":4}},"branchMap":{},"s":{"0":1,"1":0,"2":0,"3":0,"4":0,"5":0,"6":0,"7":0,"8":0,"9":0,"10":0,"11":0,"12":0,"13":0,"14":0,"15":0,"16":0,"17":0,"18":0,"19":0,"20":0,"21":0,"22":0},"f":{"0":0},"b":{},"_coverageSchema":"1a1c01bbd47fc00a2c39e90264f33305004495a9","hash":"85ad3bece0a6e630abc4f95f57157f046f844daf"}
,"C:\\Users\\Reshy\\Desktop\\git\\Capstone-Javascript-APIs\\src\\sendLike.js": {"path":"C:\\Users\\Reshy\\Desktop\\git\\Capstone-Javascript-APIs\\src\\sendLike.js","statementMap":{"0":{"start":{"line":2,"column":2},"end":{"line":10,"column":5}}},"fnMap":{"0":{"name":"(anonymous_0)","decl":{"start":{"line":1,"column":15},"end":{"line":1,"column":16}},"loc":{"start":{"line":1,"column":29},"end":{"line":11,"column":1}},"line":1}},"branchMap":{},"s":{"0":0},"f":{"0":0},"b":{},"_coverageSchema":"1a1c01bbd47fc00a2c39e90264f33305004495a9","hash":"17d9ac6167ec7765ed7529170dd8e42cfc123235"}
,"C:\\Users\\Reshy\\Desktop\\git\\Capstone-Javascript-APIs\\src\\showReservations.js": {"path":"C:\\Users\\Reshy\\Desktop\\git\\Capstone-Javascript-APIs\\src\\showReservations.js","statementMap":{"0":{"start":{"line":3,"column":25},"end":{"line":14,"column":1}},"1":{"start":{"line":4,"column":23},"end":{"line":4,"column":48}},"2":{"start":{"line":5,"column":18},"end":{"line":5,"column":46}},"3":{"start":{"line":6,"column":15},"end":{"line":6,"column":43}},"4":{"start":{"line":7,"column":2},"end":{"line":11,"column":3}},"5":{"start":{"line":8,"column":4},"end":{"line":10,"column":7}},"6":{"start":{"line":9,"column":6},"end":{"line":9,"column":114}},"7":{"start":{"line":12,"column":2},"end":{"line":13,"column":19}}},"fnMap":{"0":{"name":"(anonymous_0)","decl":{"start":{"line":3,"column":25},"end":{"line":3,"column":26}},"loc":{"start":{"line":3,"column":52},"end":{"line":14,"column":1}},"line":3},"1":{"name":"(anonymous_1)","decl":{"start":{"line":8,"column":25},"end":{"line":8,"column":26}},"loc":{"start":{"line":8,"column":42},"end":{"line":10,"column":5}},"line":8}},"branchMap":{"0":{"loc":{"start":{"line":7,"column":2},"end":{"line":11,"column":3}},"type":"if","locations":[{"start":{"line":7,"column":2},"end":{"line":11,"column":3}},{"start":{"line":7,"column":2},"end":{"line":11,"column":3}}],"line":7}},"s":{"0":1,"1":0,"2":0,"3":0,"4":0,"5":0,"6":0,"7":0},"f":{"0":0,"1":0},"b":{"0":[0,0]},"_coverageSchema":"1a1c01bbd47fc00a2c39e90264f33305004495a9","hash":"be8b6c01b09ec1d757635dcecde6250d33463dce"}
,"C:\\Users\\Reshy\\Desktop\\git\\Capstone-Javascript-APIs\\src\\toggle.js": {"path":"C:\\Users\\Reshy\\Desktop\\git\\Capstone-Javascript-APIs\\src\\toggle.js","statementMap":{"0":{"start":{"line":1,"column":22},"end":{"line":4,"column":1}},"1":{"start":{"line":3,"column":2},"end":{"line":3,"column":102}}},"fnMap":{"0":{"name":"(anonymous_0)","decl":{"start":{"line":1,"column":22},"end":{"line":1,"column":23}},"loc":{"start":{"line":1,"column":35},"end":{"line":4,"column":1}},"line":1}},"branchMap":{"0":{"loc":{"start":{"line":3,"column":2},"end":{"line":3,"column":101}},"type":"cond-expr","locations":[{"start":{"line":3,"column":37},"end":{"line":3,"column":68}},{"start":{"line":3,"column":71},"end":{"line":3,"column":101}}],"line":3}},"s":{"0":1,"1":0},"f":{"0":0},"b":{"0":[0,0]},"_coverageSchema":"1a1c01bbd47fc00a2c39e90264f33305004495a9","hash":"9b4ed4cede5d9cdd62d713fb6af238f756733042"}
}
