TN:
SF:src\comment.js
FN:3,(anonymous_0)
FNF:1
FNH:0
FNDA:0,(anonymous_0)
DA:5,0
DA:6,0
DA:7,0
DA:8,0
DA:9,0
DA:10,0
DA:12,0
DA:18,0
DA:21,0
DA:23,0
DA:24,0
DA:52,0
DA:53,0
DA:54,0
DA:55,0
LF:15
LH:0
BRF:0
BRH:0
end_of_record
TN:
SF:src\getData.js
FN:1,(anonymous_0)
FNF:1
FNH:1
FNDA:1,(anonymous_0)
DA:2,1
DA:3,1
DA:4,1
LF:3
LH:3
BRF:0
BRH:0
end_of_record
TN:
SF:src\getReservations.js
FN:1,(anonymous_0)
FNF:1
FNH:0
FNDA:0,(anonymous_0)
DA:1,1
DA:2,0
DA:3,0
DA:4,0
LF:4
LH:1
BRF:0
BRH:0
end_of_record
TN:
SF:src\images.js
FN:2,(anonymous_0)
FNF:1
FNH:0
FNDA:0,(anonymous_0)
DA:3,0
DA:5,0
DA:7,0
DA:9,0
DA:11,0
DA:13,0
DA:15,0
DA:17,0
DA:19,0
LF:9
LH:0
BRDA:3,0,0,0
BRDA:3,0,1,0
BRDA:3,0,2,0
BRDA:3,0,3,0
BRDA:3,0,4,0
BRDA:3,0,5,0
BRDA:3,0,6,0
BRDA:3,0,7,0
BRF:8
BRH:0
end_of_record
TN:
SF:src\likes.js
FN:1,(anonymous_0)
FNF:1
FNH:1
FNDA:1,(anonymous_0)
DA:2,1
DA:3,1
DA:4,1
LF:3
LH:3
BRF:0
BRH:0
end_of_record
TN:
SF:src\populate.js
FN:8,(anonymous_0)
FN:13,(anonymous_1)
FN:22,(anonymous_2)
FN:30,(anonymous_3)
FN:36,(anonymous_4)
FN:39,(anonymous_5)
FN:42,(anonymous_6)
FN:46,(anonymous_7)
FN:54,(anonymous_8)
FN:59,(anonymous_9)
FN:65,(anonymous_10)
FN:72,(anonymous_11)
FN:78,(anonymous_12)
FNF:13
FNH:2
FNDA:1,(anonymous_0)
FNDA:1,(anonymous_1)
FNDA:0,(anonymous_2)
FNDA:0,(anonymous_3)
FNDA:0,(anonymous_4)
FNDA:0,(anonymous_5)
FNDA:0,(anonymous_6)
FNDA:0,(anonymous_7)
FNDA:0,(anonymous_8)
FNDA:0,(anonymous_9)
FNDA:0,(anonymous_10)
FNDA:0,(anonymous_11)
FNDA:0,(anonymous_12)
DA:9,1
DA:10,1
DA:11,1
DA:12,1
DA:13,1
DA:14,1
DA:15,1
DA:16,1
DA:17,1
DA:18,1
DA:19,1
DA:20,1
DA:21,1
DA:22,0
DA:23,0
DA:24,0
DA:26,0
DA:27,0
DA:28,0
DA:29,0
DA:30,0
DA:31,0
DA:32,0
DA:33,0
DA:34,0
DA:35,0
DA:36,0
DA:37,0
DA:39,0
DA:40,0
DA:42,0
DA:43,0
DA:45,0
DA:46,0
DA:47,0
DA:49,0
DA:50,0
DA:51,0
DA:52,0
DA:54,0
DA:55,0
DA:56,0
DA:57,0
DA:59,0
DA:60,0
DA:61,0
DA:62,0
DA:65,0
DA:66,0
DA:67,0
DA:71,0
DA:72,0
DA:75,0
DA:76,0
DA:77,0
DA:78,0
DA:79,0
DA:80,0
DA:82,0
DA:83,0
DA:84,0
DA:85,0
DA:86,0
DA:87,0
DA:89,0
DA:90,0
DA:91,0
DA:92,0
LF:68
LH:13
BRDA:66,0,0,0
BRDA:66,0,1,0
BRF:2
BRH:0
end_of_record
TN:
SF:src\reservationsPopup.js
FN:4,(anonymous_0)
FNF:1
FNH:0
FNDA:0,(anonymous_0)
DA:4,1
DA:5,0
DA:6,0
DA:7,0
DA:8,0
DA:9,0
DA:10,0
DA:11,0
DA:12,0
DA:13,0
DA:14,0
DA:15,0
DA:16,0
DA:17,0
DA:18,0
DA:19,0
DA:20,0
DA:21,0
DA:22,0
DA:23,0
DA:27,0
DA:30,0
DA:31,0
LF:23
LH:1
BRF:0
BRH:0
end_of_record
TN:
SF:src\sendLike.js
FN:1,(anonymous_0)
FNF:1
FNH:0
FNDA:0,(anonymous_0)
DA:2,0
LF:1
LH:0
BRF:0
BRH:0
end_of_record
TN:
SF:src\showReservations.js
FN:3,(anonymous_0)
FN:8,(anonymous_1)
FNF:2
FNH:0
FNDA:0,(anonymous_0)
FNDA:0,(anonymous_1)
DA:3,1
DA:4,0
DA:5,0
DA:6,0
DA:7,0
DA:8,0
DA:9,0
DA:12,0
LF:8
LH:1
BRDA:7,0,0,0
BRDA:7,0,1,0
BRF:2
BRH:0
end_of_record
TN:
SF:src\toggle.js
FN:1,(anonymous_0)
FNF:1
FNH:0
FNDA:0,(anonymous_0)
DA:1,1
DA:3,0
LF:2
LH:1
BRDA:3,0,0,0
BRDA:3,0,1,0
BRF:2
BRH:0
end_of_record
